<?xml version="1.0" encoding="UTF-8"?>
<testsuite name="info.devlink.developerservice.DeveloperServiceApplicationTests" tests="1" skipped="0" failures="0" errors="0" timestamp="2020-02-18T21:56:47" hostname="Stevens-MacBook-Pro.local" time="0.28">
  <properties/>
  <testcase name="contextLoads()" classname="info.devlink.developerservice.DeveloperServiceApplicationTests" time="0.28"/>
  <system-out><![CDATA[15:56:44.135 [Test worker] DEBUG org.springframework.test.context.BootstrapUtils - Instantiating CacheAwareContextLoaderDelegate from class [org.springframework.test.context.cache.DefaultCacheAwareContextLoaderDelegate]
15:56:44.144 [Test worker] DEBUG org.springframework.test.context.BootstrapUtils - Instantiating BootstrapContext using constructor [public org.springframework.test.context.support.DefaultBootstrapContext(java.lang.Class,org.springframework.test.context.CacheAwareContextLoaderDelegate)]
15:56:44.162 [Test worker] DEBUG org.springframework.test.context.BootstrapUtils - Instantiating TestContextBootstrapper for test class [info.devlink.developerservice.DeveloperServiceApplicationTests] from class [org.springframework.boot.test.context.SpringBootTestContextBootstrapper]
15:56:44.174 [Test worker] INFO org.springframework.boot.test.context.SpringBootTestContextBootstrapper - Neither @ContextConfiguration nor @ContextHierarchy found for test class [info.devlink.developerservice.DeveloperServiceApplicationTests], using SpringBootContextLoader
15:56:44.177 [Test worker] DEBUG org.springframework.test.context.support.AbstractContextLoader - Did not detect default resource location for test class [info.devlink.developerservice.DeveloperServiceApplicationTests]: class path resource [info/devlink/developerservice/DeveloperServiceApplicationTests-context.xml] does not exist
15:56:44.178 [Test worker] DEBUG org.springframework.test.context.support.AbstractContextLoader - Did not detect default resource location for test class [info.devlink.developerservice.DeveloperServiceApplicationTests]: class path resource [info/devlink/developerservice/DeveloperServiceApplicationTestsContext.groovy] does not exist
15:56:44.178 [Test worker] INFO org.springframework.test.context.support.AbstractContextLoader - Could not detect default resource locations for test class [info.devlink.developerservice.DeveloperServiceApplicationTests]: no resource found for suffixes {-context.xml, Context.groovy}.
15:56:44.178 [Test worker] INFO org.springframework.test.context.support.AnnotationConfigContextLoaderUtils - Could not detect default configuration classes for test class [info.devlink.developerservice.DeveloperServiceApplicationTests]: DeveloperServiceApplicationTests does not declare any static, non-private, non-final, nested classes annotated with @Configuration.
15:56:44.208 [Test worker] DEBUG org.springframework.test.context.support.ActiveProfilesUtils - Could not find an 'annotation declaring class' for annotation type [org.springframework.test.context.ActiveProfiles] and class [info.devlink.developerservice.DeveloperServiceApplicationTests]
15:56:44.258 [Test worker] DEBUG org.springframework.context.annotation.ClassPathScanningCandidateComponentProvider - Identified candidate component class: file [/Users/stevenmcdonald/Documents/developer-servicev-1/build/classes/java/main/info/devlink/developerservice/DeveloperServiceApplication.class]
15:56:44.259 [Test worker] INFO org.springframework.boot.test.context.SpringBootTestContextBootstrapper - Found @SpringBootConfiguration info.devlink.developerservice.DeveloperServiceApplication for test class info.devlink.developerservice.DeveloperServiceApplicationTests
15:56:44.317 [Test worker] DEBUG org.springframework.boot.test.context.SpringBootTestContextBootstrapper - @TestExecutionListeners is not present for class [info.devlink.developerservice.DeveloperServiceApplicationTests]: using defaults.
15:56:44.317 [Test worker] INFO org.springframework.boot.test.context.SpringBootTestContextBootstrapper - Loaded default TestExecutionListener class names from location [META-INF/spring.factories]: [org.springframework.boot.test.autoconfigure.restdocs.RestDocsTestExecutionListener, org.springframework.boot.test.autoconfigure.web.client.MockRestServiceServerResetTestExecutionListener, org.springframework.boot.test.autoconfigure.web.servlet.MockMvcPrintOnlyOnFailureTestExecutionListener, org.springframework.boot.test.autoconfigure.web.servlet.WebDriverTestExecutionListener, org.springframework.boot.test.mock.mockito.MockitoTestExecutionListener, org.springframework.boot.test.mock.mockito.ResetMocksTestExecutionListener, org.springframework.test.context.web.ServletTestExecutionListener, org.springframework.test.context.support.DirtiesContextBeforeModesTestExecutionListener, org.springframework.test.context.support.DependencyInjectionTestExecutionListener, org.springframework.test.context.support.DirtiesContextTestExecutionListener, org.springframework.test.context.transaction.TransactionalTestExecutionListener, org.springframework.test.context.jdbc.SqlScriptsTestExecutionListener, org.springframework.test.context.event.EventPublishingTestExecutionListener]
15:56:44.323 [Test worker] DEBUG org.springframework.boot.test.context.SpringBootTestContextBootstrapper - Skipping candidate TestExecutionListener [org.springframework.test.context.web.ServletTestExecutionListener] due to a missing dependency. Specify custom listener classes or make the default listener classes and their required dependencies available. Offending class: [javax/servlet/ServletContext]
15:56:44.328 [Test worker] INFO org.springframework.boot.test.context.SpringBootTestContextBootstrapper - Using TestExecutionListeners: [org.springframework.test.context.support.DirtiesContextBeforeModesTestExecutionListener@50db700, org.springframework.boot.test.mock.mockito.MockitoTestExecutionListener@5765fabd, org.springframework.boot.test.autoconfigure.SpringBootDependencyInjectionTestExecutionListener@fd8f21d, org.springframework.test.context.support.DirtiesContextTestExecutionListener@40e42cb2, org.springframework.test.context.transaction.TransactionalTestExecutionListener@28393619, org.springframework.test.context.jdbc.SqlScriptsTestExecutionListener@50f181b1, org.springframework.test.context.event.EventPublishingTestExecutionListener@1871c9a8, org.springframework.boot.test.autoconfigure.restdocs.RestDocsTestExecutionListener@7911f7a8, org.springframework.boot.test.autoconfigure.web.client.MockRestServiceServerResetTestExecutionListener@18f99f6d, org.springframework.boot.test.autoconfigure.web.servlet.MockMvcPrintOnlyOnFailureTestExecutionListener@445979ca, org.springframework.boot.test.autoconfigure.web.servlet.WebDriverTestExecutionListener@52f3d460, org.springframework.boot.test.mock.mockito.ResetMocksTestExecutionListener@2429c521]
15:56:44.330 [Test worker] DEBUG org.springframework.test.context.support.AbstractDirtiesContextTestExecutionListener - Before test class: context [DefaultTestContext@1fd69c62 testClass = DeveloperServiceApplicationTests, testInstance = [null], testMethod = [null], testException = [null], mergedContextConfiguration = [ReactiveWebMergedContextConfiguration@26c364b6 testClass = DeveloperServiceApplicationTests, locations = '{}', classes = '{class info.devlink.developerservice.DeveloperServiceApplication}', contextInitializerClasses = '[]', activeProfiles = '{}', propertySourceLocations = '{}', propertySourceProperties = '{org.springframework.boot.test.context.SpringBootTestContextBootstrapper=true}', contextCustomizers = set[org.springframework.boot.test.autoconfigure.properties.PropertyMappingContextCustomizer@0, org.springframework.boot.test.autoconfigure.web.servlet.WebDriverContextCustomizerFactory$Customizer@73cd7458, org.springframework.boot.test.context.filter.ExcludeFilterContextCustomizer@6c56e015, org.springframework.boot.test.json.DuplicateJsonObjectContextCustomizerFactory$DuplicateJsonObjectContextCustomizer@48e25c4e, org.springframework.boot.test.mock.mockito.MockitoContextCustomizer@0, org.springframework.boot.test.web.client.TestRestTemplateContextCustomizer@1b620ecd, org.springframework.boot.test.web.reactive.server.WebTestClientContextCustomizer@3796d49e], contextLoader = 'org.springframework.boot.test.context.SpringBootContextLoader', parent = [null]], attributes = map[[empty]]], class annotated with @DirtiesContext [false] with mode [null].
15:56:44.339 [Test worker] DEBUG org.springframework.test.context.support.DependencyInjectionTestExecutionListener - Performing dependency injection for test context [[DefaultTestContext@1fd69c62 testClass = DeveloperServiceApplicationTests, testInstance = info.devlink.developerservice.DeveloperServiceApplicationTests@6dbffb22, testMethod = [null], testException = [null], mergedContextConfiguration = [ReactiveWebMergedContextConfiguration@26c364b6 testClass = DeveloperServiceApplicationTests, locations = '{}', classes = '{class info.devlink.developerservice.DeveloperServiceApplication}', contextInitializerClasses = '[]', activeProfiles = '{}', propertySourceLocations = '{}', propertySourceProperties = '{org.springframework.boot.test.context.SpringBootTestContextBootstrapper=true}', contextCustomizers = set[org.springframework.boot.test.autoconfigure.properties.PropertyMappingContextCustomizer@0, org.springframework.boot.test.autoconfigure.web.servlet.WebDriverContextCustomizerFactory$Customizer@73cd7458, org.springframework.boot.test.context.filter.ExcludeFilterContextCustomizer@6c56e015, org.springframework.boot.test.json.DuplicateJsonObjectContextCustomizerFactory$DuplicateJsonObjectContextCustomizer@48e25c4e, org.springframework.boot.test.mock.mockito.MockitoContextCustomizer@0, org.springframework.boot.test.web.client.TestRestTemplateContextCustomizer@1b620ecd, org.springframework.boot.test.web.reactive.server.WebTestClientContextCustomizer@3796d49e], contextLoader = 'org.springframework.boot.test.context.SpringBootContextLoader', parent = [null]], attributes = map[[empty]]]].
15:56:44.352 [Test worker] DEBUG org.springframework.test.context.support.TestPropertySourceUtils - Adding inlined properties to environment: {spring.jmx.enabled=false, org.springframework.boot.test.context.SpringBootTestContextBootstrapper=true, server.port=-1}

  .   ____          _            __ _ _
 /\\ / ___'_ __ _ _(_)_ __  __ _ \ \ \ \
( ( )\___ | '_ | '_| | '_ \/ _` | \ \ \ \
 \\/  ___)| |_)| | | | | || (_| |  ) ) ) )
  '  |____| .__|_| |_|_| |_\__, | / / / /
 =========|_|==============|___/=/_/_/_/
 :: Spring Boot ::        (v2.2.4.RELEASE)

2020-02-18 15:56:44.672  INFO 25839 --- [    Test worker] i.d.d.DeveloperServiceApplicationTests   : Starting DeveloperServiceApplicationTests on Stevens-MacBook-Pro.local with PID 25839 (started by stevenmcdonald in /Users/stevenmcdonald/Documents/developer-servicev-1)
2020-02-18 15:56:44.673  INFO 25839 --- [    Test worker] i.d.d.DeveloperServiceApplicationTests   : No active profile set, falling back to default profiles: default
2020-02-18 15:56:45.147  INFO 25839 --- [    Test worker] .s.d.r.c.RepositoryConfigurationDelegate : Bootstrapping Spring Data Reactive MongoDB repositories in DEFAULT mode.
2020-02-18 15:56:45.160  INFO 25839 --- [    Test worker] .s.d.r.c.RepositoryConfigurationDelegate : Finished Spring Data repository scanning in 9ms. Found 0 Reactive MongoDB repository interfaces.
2020-02-18 15:56:45.164  INFO 25839 --- [    Test worker] .s.d.r.c.RepositoryConfigurationDelegate : Bootstrapping Spring Data MongoDB repositories in DEFAULT mode.
2020-02-18 15:56:45.166  INFO 25839 --- [    Test worker] .s.d.r.c.RepositoryConfigurationDelegate : Finished Spring Data repository scanning in 1ms. Found 0 MongoDB repository interfaces.
2020-02-18 15:56:46.303  INFO 25839 --- [       Thread-4] o.s.b.a.mongo.embedded.EmbeddedMongo     : note: noprealloc may hurt performance in many applications
2020-02-18 15:56:46.310  INFO 25839 --- [       Thread-4] o.s.b.a.mongo.embedded.EmbeddedMongo     : 2020-02-18T15:56:46.309-0600 I CONTROL  [initandlisten] MongoDB starting : pid=25840 port=50178 dbpath=/var/folders/g5/hlry7y8d7x16jmlmq19500rh0000gn/T/embedmongo-db-573f6fa1-adaa-406c-b489-acef9614fb8d 64-bit host=Stevens-MacBook-Pro.local
2020-02-18 15:56:46.310  INFO 25839 --- [       Thread-4] o.s.b.a.mongo.embedded.EmbeddedMongo     : 2020-02-18T15:56:46.310-0600 I CONTROL  [initandlisten] db version v3.5.5
2020-02-18 15:56:46.310  INFO 25839 --- [       Thread-4] o.s.b.a.mongo.embedded.EmbeddedMongo     : 2020-02-18T15:56:46.310-0600 I CONTROL  [initandlisten] git version: 98515c812b6fa893613f063dae568ff8319cbfbd
2020-02-18 15:56:46.311  INFO 25839 --- [       Thread-4] o.s.b.a.mongo.embedded.EmbeddedMongo     : 2020-02-18T15:56:46.310-0600 I CONTROL  [initandlisten] allocator: system
2020-02-18 15:56:46.311  INFO 25839 --- [       Thread-4] o.s.b.a.mongo.embedded.EmbeddedMongo     : 2020-02-18T15:56:46.310-0600 I CONTROL  [initandlisten] modules: none
2020-02-18 15:56:46.311  INFO 25839 --- [       Thread-4] o.s.b.a.mongo.embedded.EmbeddedMongo     : 2020-02-18T15:56:46.310-0600 I CONTROL  [initandlisten] build environment:
2020-02-18 15:56:46.311  INFO 25839 --- [       Thread-4] o.s.b.a.mongo.embedded.EmbeddedMongo     : 2020-02-18T15:56:46.310-0600 I CONTROL  [initandlisten]     distarch: x86_64
2020-02-18 15:56:46.311  INFO 25839 --- [       Thread-4] o.s.b.a.mongo.embedded.EmbeddedMongo     : 2020-02-18T15:56:46.310-0600 I CONTROL  [initandlisten]     target_arch: x86_64
2020-02-18 15:56:46.311  INFO 25839 --- [       Thread-4] o.s.b.a.mongo.embedded.EmbeddedMongo     : 2020-02-18T15:56:46.310-0600 I CONTROL  [initandlisten] options: { net: { bindIp: "127.0.0.1", http: { enabled: false }, port: 50178 }, security: { authorization: "disabled" }, storage: { dbPath: "/var/folders/g5/hlry7y8d7x16jmlmq19500rh0000gn/T/embedmongo-db-573f6fa1-adaa-406c-b489-acef9614fb8d", journal: { enabled: false }, mmapv1: { preallocDataFiles: false, smallFiles: true }, syncPeriodSecs: 0.0 } }
2020-02-18 15:56:46.311  INFO 25839 --- [       Thread-4] o.s.b.a.mongo.embedded.EmbeddedMongo     : 2020-02-18T15:56:46.311-0600 I STORAGE  [initandlisten] wiredtiger_open config: create,cache_size=7680M,session_max=20000,eviction=(threads_min=4,threads_max=4),config_base=false,statistics=(fast),log=(enabled=true,archive=true,path=journal,compressor=snappy),file_manager=(close_idle_time=100000),checkpoint=(wait=0,log_size=2GB),statistics_log=(wait=0),verbose=(recovery_progress),,log=(enabled=false),
2020-02-18 15:56:46.530  INFO 25839 --- [       Thread-4] o.s.b.a.mongo.embedded.EmbeddedMongo     : 2020-02-18T15:56:46.530-0600 W STORAGE  [initandlisten] Detected configuration for non-active storage engine mmapv1 when current storage engine is wiredTiger
2020-02-18 15:56:46.531  INFO 25839 --- [       Thread-4] o.s.b.a.mongo.embedded.EmbeddedMongo     : 2020-02-18T15:56:46.530-0600 I CONTROL  [initandlisten] 
2020-02-18 15:56:46.531  INFO 25839 --- [       Thread-4] o.s.b.a.mongo.embedded.EmbeddedMongo     : 2020-02-18T15:56:46.530-0600 I CONTROL  [initandlisten] ** NOTE: This is a development version (3.5.5) of MongoDB.
2020-02-18 15:56:46.531  INFO 25839 --- [       Thread-4] o.s.b.a.mongo.embedded.EmbeddedMongo     : 2020-02-18T15:56:46.530-0600 I CONTROL  [initandlisten] **       Not recommended for production.
2020-02-18 15:56:46.531  INFO 25839 --- [       Thread-4] o.s.b.a.mongo.embedded.EmbeddedMongo     : 2020-02-18T15:56:46.530-0600 I CONTROL  [initandlisten] 
2020-02-18 15:56:46.609  INFO 25839 --- [       Thread-4] o.s.b.a.mongo.embedded.EmbeddedMongo     : 2020-02-18T15:56:46.609-0600 I FTDC     [initandlisten] Initializing full-time diagnostic data capture with directory '/var/folders/g5/hlry7y8d7x16jmlmq19500rh0000gn/T/embedmongo-db-573f6fa1-adaa-406c-b489-acef9614fb8d/diagnostic.data'
2020-02-18 15:56:46.729  INFO 25839 --- [       Thread-4] o.s.b.a.mongo.embedded.EmbeddedMongo     : 2020-02-18T15:56:46.729-0600 I INDEX    [initandlisten] build index on: admin.system.version properties: { v: 2, key: { version: 1 }, name: "incompatible_with_version_32", ns: "admin.system.version" }
2020-02-18 15:56:46.730  INFO 25839 --- [       Thread-4] o.s.b.a.mongo.embedded.EmbeddedMongo     : 2020-02-18T15:56:46.729-0600 I INDEX    [initandlisten] 	 building index using bulk method; build may temporarily use up to 500 megabytes of RAM
2020-02-18 15:56:46.735  INFO 25839 --- [       Thread-4] o.s.b.a.mongo.embedded.EmbeddedMongo     : 2020-02-18T15:56:46.735-0600 I INDEX    [initandlisten] build index done.  scanned 0 total records. 0 secs
2020-02-18 15:56:46.736  INFO 25839 --- [       Thread-4] o.s.b.a.mongo.embedded.EmbeddedMongo     : 2020-02-18T15:56:46.736-0600 I COMMAND  [initandlisten] setting featureCompatibilityVersion to 3.4
2020-02-18 15:56:46.736  INFO 25839 --- [       Thread-4] o.s.b.a.mongo.embedded.EmbeddedMongo     : 2020-02-18T15:56:46.736-0600 I NETWORK  [thread1] waiting for connections on port 50178
2020-02-18 15:56:46.737  INFO 25839 --- [    Test worker] d.f.embed.mongo.MongodExecutable         : start de.flapdoodle.embed.mongo.config.MongodConfigBuilder$ImmutableMongodConfig@7782aaf0
2020-02-18 15:56:46.842  INFO 25839 --- [    Test worker] org.mongodb.driver.cluster               : Cluster created with settings {hosts=[localhost:50178], mode=SINGLE, requiredClusterType=UNKNOWN, serverSelectionTimeout='30000 ms', maxWaitQueueSize=500}
2020-02-18 15:56:46.919  INFO 25839 --- [       Thread-4] o.s.b.a.mongo.embedded.EmbeddedMongo     : 2020-02-18T15:56:46.919-0600 I NETWORK  [thread1] connection accepted from 127.0.0.1:50180 #1 (1 connection now open)
2020-02-18 15:56:46.968  INFO 25839 --- [       Thread-4] o.s.b.a.mongo.embedded.EmbeddedMongo     : 2020-02-18T15:56:46.968-0600 I NETWORK  [conn1] received client metadata from 127.0.0.1:50180 conn1: { driver: { name: "mongo-java-driver|async|mongo-java-driver-reactivestreams", version: "3.11.2|1.12.0" }, os: { type: "Darwin", name: "Mac OS X", architecture: "x86_64", version: "10.15.2" }, platform: "Java/Oracle Corporation/11.0.6+8-LTS" }
2020-02-18 15:56:46.993  INFO 25839 --- [    Test worker] org.mongodb.driver.cluster               : Cluster created with settings {hosts=[localhost:50178], mode=MULTIPLE, requiredClusterType=UNKNOWN, serverSelectionTimeout='30000 ms', maxWaitQueueSize=500}
2020-02-18 15:56:46.993  INFO 25839 --- [    Test worker] org.mongodb.driver.cluster               : Adding discovered server localhost:50178 to client view of cluster
2020-02-18 15:56:46.997  INFO 25839 --- [localhost:50178] org.mongodb.driver.connection            : Opened connection [connectionId{localValue:1, serverValue:1}] to localhost:50178
2020-02-18 15:56:46.998  INFO 25839 --- [       Thread-4] o.s.b.a.mongo.embedded.EmbeddedMongo     : 2020-02-18T15:56:46.997-0600 I NETWORK  [thread1] connection accepted from 127.0.0.1:50181 #2 (2 connections now open)
2020-02-18 15:56:47.000  INFO 25839 --- [       Thread-4] o.s.b.a.mongo.embedded.EmbeddedMongo     : 2020-02-18T15:56:47.000-0600 I NETWORK  [conn2] received client metadata from 127.0.0.1:50181 conn2: { driver: { name: "mongo-java-driver|legacy", version: "3.11.2" }, os: { type: "Darwin", name: "Mac OS X", architecture: "x86_64", version: "10.15.2" }, platform: "Java/Oracle Corporation/11.0.6+8-LTS" }
2020-02-18 15:56:47.001  INFO 25839 --- [localhost:50178] org.mongodb.driver.cluster               : Monitor thread successfully connected to server with description ServerDescription{address=localhost:50178, type=STANDALONE, state=CONNECTED, ok=true, version=ServerVersion{versionList=[3, 5, 5]}, minWireVersion=0, maxWireVersion=5, maxDocumentSize=16777216, logicalSessionTimeoutMinutes=null, roundTripTimeNanos=2369427}
2020-02-18 15:56:47.004  INFO 25839 --- [localhost:50178] org.mongodb.driver.connection            : Opened connection [connectionId{localValue:2, serverValue:2}] to localhost:50178
2020-02-18 15:56:47.005  INFO 25839 --- [localhost:50178] org.mongodb.driver.cluster               : Monitor thread successfully connected to server with description ServerDescription{address=localhost:50178, type=STANDALONE, state=CONNECTED, ok=true, version=ServerVersion{versionList=[3, 5, 5]}, minWireVersion=0, maxWireVersion=5, maxDocumentSize=16777216, logicalSessionTimeoutMinutes=null, roundTripTimeNanos=572434}
2020-02-18 15:56:47.005  INFO 25839 --- [localhost:50178] org.mongodb.driver.cluster               : Discovered cluster type of STANDALONE
2020-02-18 15:56:47.173  INFO 25839 --- [    Test worker] o.s.b.a.e.web.EndpointLinksResolver      : Exposing 2 endpoint(s) beneath base path '/actuator'
2020-02-18 15:56:47.542  INFO 25839 --- [    Test worker] i.d.d.DeveloperServiceApplicationTests   : Started DeveloperServiceApplicationTests in 3.183 seconds (JVM running for 4.007)
]]></system-out>
  <system-err><![CDATA[]]></system-err>
</testsuite>
